2015-07-24 20:40:26.621+0000 INFO  [org.neo4j]: No locking implementation specified, defaulting to 'community'
2015-07-24 20:40:26.820+0000 INFO  [org.neo4j]: --- INITIALIZED diagnostics START ---
2015-07-24 20:40:26.823+0000 INFO  [org.neo4j]: Neo4j Kernel properties:
    neostore.propertystore.db.mapped_memory=319M
    neostore.nodestore.db.mapped_memory=88M
    neostore.relationshipstore.db.mapped_memory=391M
    neostore.propertystore.db.strings.mapped_memory=272M
    store_dir=target/neo4j-db-plain
    neostore.propertystore.db.arrays.mapped_memory=308M
    ephemeral=false
2015-07-24 20:40:26.827+0000 INFO  [org.neo4j]: Diagnostics providers:
    org.neo4j.kernel.configuration.Config
    org.neo4j.kernel.info.DiagnosticsManager
    SYSTEM_MEMORY
    JAVA_MEMORY
    OPERATING_SYSTEM
    JAVA_VIRTUAL_MACHINE
    CLASSPATH
    LIBRARY_PATH
    SYSTEM_PROPERTIES
    LINUX_SCHEDULERS
    NETWORK
2015-07-24 20:40:26.828+0000 INFO  [org.neo4j]: System memory information:
    Total Physical memory: 3,86 GB
    Free Physical memory: 117,71 MB
    Committed virtual memory: 1,90 GB
    Total swap space: 0,00 B
    Free swap space: 0,00 B
2015-07-24 20:40:26.848+0000 INFO  [org.neo4j]: JVM memory information:
    Free  memory: 51,70 MB
    Total memory: 75,50 MB
    Max   memory: 880,00 MB
    Garbage Collector: PS Scavenge: [PS Eden Space, PS Survivor Space]
    Garbage Collector: PS MarkSweep: [PS Eden Space, PS Survivor Space, PS Old Gen, PS Perm Gen]
    Memory Pool: Code Cache (Non-heap memory): committed=2,44 MB, used=906,44 kB, max=48,00 MB, threshold=0,00 B
    Memory Pool: PS Eden Space (Heap memory): committed=32,00 MB, used=18,20 MB, max=325,00 MB, threshold=?
    Memory Pool: PS Survivor Space (Heap memory): committed=2,50 MB, used=2,47 MB, max=2,50 MB, threshold=?
    Memory Pool: PS Old Gen (Heap memory): committed=41,00 MB, used=3,13 MB, max=660,00 MB, threshold=0,00 B
    Memory Pool: PS Perm Gen (Non-heap memory): committed=21,00 MB, used=15,40 MB, max=82,00 MB, threshold=0,00 B
2015-07-24 20:40:26.857+0000 INFO  [org.neo4j]: Operating system information:
    Operating System: Linux; version: 3.16.0-40-generic; arch: amd64; cpus: 2
    Max number of file descriptors: 4096
    Number of open file descriptors: 56
    Process id: 6716@breno-loki
    Byte order: LITTLE_ENDIAN
    Local timezone: America/Sao_Paulo
2015-07-24 20:40:26.924+0000 INFO  [org.neo4j]: JVM information:
    VM Name: Java HotSpot(TM) 64-Bit Server VM
    VM Vendor: Oracle Corporation
    VM Version: 24.80-b11
    JIT compiler: HotSpot 64-Bit Tiered Compilers
    VM Arguments: []
2015-07-24 20:40:26.926+0000 INFO  [org.neo4j]: Java classpath:
     [loader.1] file:/usr/lib/jvm/java-7-oracle/jre/lib/ext/sunjce_provider.jar
     [classpath] /home/breno/.m2/repository/org/aspectj/aspectjweaver/1.8.2/aspectjweaver-1.8.2.jar
     [bootstrap] /usr/lib/jvm/java-7-oracle/jre/classes
     [classpath] /home/breno/.m2/repository/org/apache/geronimo/specs/geronimo-jta_1.1_spec/1.1.1/geronimo-jta_1.1_spec-1.1.1.jar
     [classpath] /home/breno/.m2/repository/junit/junit/4.11/junit-4.11.jar
     [classpath] /home/breno/.m2/repository/org/springframework/spring-tx/4.0.7.RELEASE/spring-tx-4.0.7.RELEASE.jar
     [classpath] /home/breno/.m2/repository/org/neo4j/neo4j-primitive-collections/2.1.5/neo4j-primitive-collections-2.1.5.jar
     [classpath] /home/breno/.m2/repository/org/neo4j/neo4j-cypher-commons/2.1.5/neo4j-cypher-commons-2.1.5.jar
     [classpath] /home/breno/.m2/repository/org/neo4j/neo4j-graph-matching/2.1.5/neo4j-graph-matching-2.1.5.jar
     [classpath] /home/breno/.m2/repository/org/neo4j/neo4j-cypher-compiler-1.9/2.0.3/neo4j-cypher-compiler-1.9-2.0.3.jar
     [classpath] /home/breno/.m2/repository/org/springframework/data/spring-data-neo4j/3.2.1.RELEASE/spring-data-neo4j-3.2.1.RELEASE.jar
     [classpath] /home/breno/.m2/repository/org/hamcrest/hamcrest-core/1.3/hamcrest-core-1.3.jar
     [classpath] /home/breno/.m2/repository/org/neo4j/neo4j-cypher-dsl/2.0.1/neo4j-cypher-dsl-2.0.1.jar
     [bootstrap] /usr/lib/jvm/java-7-oracle/jre/lib/jce.jar
     [classpath] /home/breno/.m2/repository/org/projectlombok/lombok/1.14.4/lombok-1.14.4.jar
     [classpath] /home/breno/.m2/repository/log4j/log4j/1.2.17/log4j-1.2.17.jar
     [classpath] /home/breno/.m2/repository/org/neo4j/neo4j-cypher-compiler-2.0/2.0.3/neo4j-cypher-compiler-2.0-2.0.3.jar
     [classpath] /home/breno/.m2/repository/org/neo4j/neo4j-udc/2.1.5/neo4j-udc-2.1.5.jar
     [classpath] /home/breno/.m2/repository/net/sf/opencsv/opencsv/2.0/opencsv-2.0.jar
     [classpath] /home/breno/.m2/repository/org/neo4j/neo4j-cypher-compiler-2.1/2.1.5/neo4j-cypher-compiler-2.1-2.1.5.jar
     [classpath] /home/breno/.m2/repository/org/springframework/spring-test/4.0.7.RELEASE/spring-test-4.0.7.RELEASE.jar
     [bootstrap] /usr/lib/jvm/java-7-oracle/jre/lib/jfr.jar
     [bootstrap] /usr/lib/jvm/java-7-oracle/jre/lib/sunrsasign.jar
     [classpath] /home/breno/.m2/repository/org/neo4j/neo4j-graph-algo/2.1.5/neo4j-graph-algo-2.1.5.jar
     [classpath] /home/breno/.m2/repository/org/aspectj/aspectjrt/1.8.2/aspectjrt-1.8.2.jar
     [classpath] /home/breno/.m2/repository/com/fasterxml/classmate/1.0.0/classmate-1.0.0.jar
     [classpath] /home/breno/.m2/repository/org/slf4j/slf4j-api/1.7.7/slf4j-api-1.7.7.jar
     [classpath] /home/breno/.m2/repository/org/hibernate/hibernate-validator/5.1.1.Final/hibernate-validator-5.1.1.Final.jar
     [loader.0] file:/home/breno/Projetos/Java/BD2/Neo4j/target/surefire/surefirebooter3007528593915700410.jar
     [classpath] /home/breno/.m2/repository/org/springframework/data/spring-data-commons/1.9.1.RELEASE/spring-data-commons-1.9.1.RELEASE.jar
     [classpath] /home/breno/.m2/repository/org/springframework/spring-aop/4.0.7.RELEASE/spring-aop-4.0.7.RELEASE.jar
     [classpath] /home/breno/.m2/repository/org/neo4j/neo4j-kernel/2.1.5/neo4j-kernel-2.1.5-tests.jar
     [classpath] /home/breno/.m2/repository/org/neo4j/neo4j/2.1.5/neo4j-2.1.5.jar
     [classpath] /home/breno/.m2/repository/org/neo4j/neo4j-lucene-index/2.1.5/neo4j-lucene-index-2.1.5.jar
     [classpath] /home/breno/.m2/repository/org/springframework/spring-beans/4.0.7.RELEASE/spring-beans-4.0.7.RELEASE.jar
     [classpath] /home/breno/.m2/repository/aopalliance/aopalliance/1.0/aopalliance-1.0.jar
     [classpath] /home/breno/.m2/repository/org/neo4j/neo4j-kernel/2.1.5/neo4j-kernel-2.1.5.jar
     [bootstrap] /usr/lib/jvm/java-7-oracle/jre/lib/jsse.jar
     [loader.1] file:/usr/lib/jvm/java-7-oracle/jre/lib/ext/localedata.jar
     [loader.1] file:/usr/lib/jvm/java-7-oracle/jre/lib/ext/sunpkcs11.jar
     [classpath] /home/breno/.m2/repository/org/scala-lang/scala-library/2.10.4/scala-library-2.10.4.jar
     [classpath] /home/breno/.m2/repository/org/parboiled/parboiled-core/1.1.6/parboiled-core-1.1.6.jar
     [loader.1] file:/usr/lib/jvm/java-7-oracle/jre/lib/ext/dnsns.jar
     [classpath] /home/breno/.m2/repository/org/springframework/spring-context/4.0.7.RELEASE/spring-context-4.0.7.RELEASE.jar
     [classpath] /home/breno/.m2/repository/org/slf4j/slf4j-log4j12/1.7.7/slf4j-log4j12-1.7.7.jar
     [classpath] /home/breno/.m2/repository/com/googlecode/concurrentlinkedhashmap/concurrentlinkedhashmap-lru/1.3.1/concurrentlinkedhashmap-lru-1.3.1.jar
     [classpath] /home/breno/.m2/repository/org/springframework/spring-aspects/4.0.7.RELEASE/spring-aspects-4.0.7.RELEASE.jar
     [classpath] /home/breno/.m2/repository/org/apache/lucene/lucene-core/3.6.2/lucene-core-3.6.2.jar
     [classpath] /home/breno/Projetos/Java/BD2/Neo4j/target/classes
     [bootstrap] /usr/lib/jvm/java-7-oracle/jre/lib/resources.jar
     [classpath] /home/breno/Projetos/Java/BD2/Neo4j/target/test-classes
     [classpath] /home/breno/.m2/repository/org/neo4j/neo4j-jmx/2.1.5/neo4j-jmx-2.1.5.jar
     [loader.1] file:/usr/lib/jvm/java-7-oracle/jre/lib/ext/zipfs.jar
     [bootstrap] /usr/lib/jvm/java-7-oracle/jre/lib/rt.jar
     [loader.1] file:/usr/lib/jvm/java-7-oracle/jre/lib/ext/sunec.jar
     [classpath] /home/breno/.m2/repository/org/neo4j/neo4j-cypher/2.1.5/neo4j-cypher-2.1.5.jar
     [classpath] /home/breno/.m2/repository/javax/validation/validation-api/1.1.0.Final/validation-api-1.1.0.Final.jar
     [classpath] /home/breno/.m2/repository/org/springframework/spring-expression/4.0.7.RELEASE/spring-expression-4.0.7.RELEASE.jar
     [classpath] /home/breno/.m2/repository/org/slf4j/jcl-over-slf4j/1.7.7/jcl-over-slf4j-1.7.7.jar
     [classpath] /home/breno/.m2/repository/org/jboss/logging/jboss-logging/3.1.3.GA/jboss-logging-3.1.3.GA.jar
     [bootstrap] /usr/lib/jvm/java-7-oracle/jre/lib/charsets.jar
     [classpath] /home/breno/.m2/repository/org/parboiled/parboiled-scala_2.10/1.1.6/parboiled-scala_2.10-1.1.6.jar
     [classpath] /home/breno/.m2/repository/org/springframework/spring-core/4.0.7.RELEASE/spring-core-4.0.7.RELEASE.jar
2015-07-24 20:40:26.933+0000 INFO  [org.neo4j]: Library path:
    /usr/java/packages/lib/amd64
    /usr/lib64
    /lib64
    /lib
    /usr/lib
2015-07-24 20:40:26.934+0000 INFO  [org.neo4j]: System.properties:
    sun.boot.library.path = /usr/lib/jvm/java-7-oracle/jre/lib/amd64
    path.separator = :
    file.encoding.pkg = sun.io
    user.country = BR
    sun.java.launcher = SUN_STANDARD
    sun.os.patch.level = unknown
    user.dir = /home/breno/Projetos/Java/BD2/Neo4j
    basedir = /home/breno/Projetos/Java/BD2/Neo4j
    surefire.real.class.path = /home/breno/Projetos/Java/BD2/Neo4j/target/surefire/surefirebooter3007528593915700410.jar
    sun.jnu.encoding = UTF-8
    surefire.test.class.path = /home/breno/Projetos/Java/BD2/Neo4j/target/test-classes:/home/breno/Projetos/Java/BD2/Neo4j/target/classes:/home/breno/.m2/repository/org/projectlombok/lombok/1.14.4/lombok-1.14.4.jar:/home/breno/.m2/repository/org/springframework/data/spring-data-neo4j/3.2.1.RELEASE/spring-data-neo4j-3.2.1.RELEASE.jar:/home/breno/.m2/repository/org/springframework/spring-tx/4.0.7.RELEASE/spring-tx-4.0.7.RELEASE.jar:/home/breno/.m2/repository/org/springframework/spring-beans/4.0.7.RELEASE/spring-beans-4.0.7.RELEASE.jar:/home/breno/.m2/repository/org/springframework/spring-core/4.0.7.RELEASE/spring-core-4.0.7.RELEASE.jar:/home/breno/.m2/repository/org/springframework/spring-context/4.0.7.RELEASE/spring-context-4.0.7.RELEASE.jar:/home/breno/.m2/repository/org/springframework/spring-aop/4.0.7.RELEASE/spring-aop-4.0.7.RELEASE.jar:/home/breno/.m2/repository/aopalliance/aopalliance/1.0/aopalliance-1.0.jar:/home/breno/.m2/repository/org/springframework/spring-expression/4.0.7.RELEASE/spring-expression-4.0.7.RELEASE.jar:/home/breno/.m2/repository/org/springframework/spring-aspects/4.0.7.RELEASE/spring-aspects-4.0.7.RELEASE.jar:/home/breno/.m2/repository/org/aspectj/aspectjweaver/1.8.2/aspectjweaver-1.8.2.jar:/home/breno/.m2/repository/org/aspectj/aspectjrt/1.8.2/aspectjrt-1.8.2.jar:/home/breno/.m2/repository/org/springframework/data/spring-data-commons/1.9.1.RELEASE/spring-data-commons-1.9.1.RELEASE.jar:/home/breno/.m2/repository/org/slf4j/slf4j-api/1.7.7/slf4j-api-1.7.7.jar:/home/breno/.m2/repository/org/slf4j/jcl-over-slf4j/1.7.7/jcl-over-slf4j-1.7.7.jar:/home/breno/.m2/repository/org/neo4j/neo4j-cypher-dsl/2.0.1/neo4j-cypher-dsl-2.0.1.jar:/home/breno/.m2/repository/org/neo4j/neo4j/2.1.5/neo4j-2.1.5.jar:/home/breno/.m2/repository/org/neo4j/neo4j-kernel/2.1.5/neo4j-kernel-2.1.5.jar:/home/breno/.m2/repository/org/neo4j/neo4j-primitive-collections/2.1.5/neo4j-primitive-collections-2.1.5.jar:/home/breno/.m2/repository/org/apache/geronimo/specs/geronimo-jta_1.1_spec/1.1.1/geronimo-jta_1.1_spec-1.1.1.jar:/home/breno/.m2/repository/org/neo4j/neo4j-lucene-index/2.1.5/neo4j-lucene-index-2.1.5.jar:/home/breno/.m2/repository/org/apache/lucene/lucene-core/3.6.2/lucene-core-3.6.2.jar:/home/breno/.m2/repository/org/neo4j/neo4j-graph-algo/2.1.5/neo4j-graph-algo-2.1.5.jar:/home/breno/.m2/repository/org/neo4j/neo4j-udc/2.1.5/neo4j-udc-2.1.5.jar:/home/breno/.m2/repository/org/neo4j/neo4j-graph-matching/2.1.5/neo4j-graph-matching-2.1.5.jar:/home/breno/.m2/repository/org/neo4j/neo4j-cypher/2.1.5/neo4j-cypher-2.1.5.jar:/home/breno/.m2/repository/org/neo4j/neo4j-cypher-commons/2.1.5/neo4j-cypher-commons-2.1.5.jar:/home/breno/.m2/repository/com/googlecode/concurrentlinkedhashmap/concurrentlinkedhashmap-lru/1.3.1/concurrentlinkedhashmap-lru-1.3.1.jar:/home/breno/.m2/repository/org/scala-lang/scala-library/2.10.4/scala-library-2.10.4.jar:/home/breno/.m2/repository/org/neo4j/neo4j-cypher-compiler-1.9/2.0.3/neo4j-cypher-compiler-1.9-2.0.3.jar:/home/breno/.m2/repository/org/neo4j/neo4j-cypher-compiler-2.0/2.0.3/neo4j-cypher-compiler-2.0-2.0.3.jar:/home/breno/.m2/repository/org/parboiled/parboiled-scala_2.10/1.1.6/parboiled-scala_2.10-1.1.6.jar:/home/breno/.m2/repository/org/parboiled/parboiled-core/1.1.6/parboiled-core-1.1.6.jar:/home/breno/.m2/repository/net/sf/opencsv/opencsv/2.0/opencsv-2.0.jar:/home/breno/.m2/repository/org/neo4j/neo4j-cypher-compiler-2.1/2.1.5/neo4j-cypher-compiler-2.1-2.1.5.jar:/home/breno/.m2/repository/org/neo4j/neo4j-jmx/2.1.5/neo4j-jmx-2.1.5.jar:/home/breno/.m2/repository/org/hibernate/hibernate-validator/5.1.1.Final/hibernate-validator-5.1.1.Final.jar:/home/breno/.m2/repository/javax/validation/validation-api/1.1.0.Final/validation-api-1.1.0.Final.jar:/home/breno/.m2/repository/org/jboss/logging/jboss-logging/3.1.3.GA/jboss-logging-3.1.3.GA.jar:/home/breno/.m2/repository/com/fasterxml/classmate/1.0.0/classmate-1.0.0.jar:/home/breno/.m2/repository/org/slf4j/slf4j-log4j12/1.7.7/slf4j-log4j12-1.7.7.jar:/home/breno/.m2/repository/log4j/log4j/1.2.17/log4j-1.2.17.jar:/home/breno/.m2/repository/org/springframework/spring-test/4.0.7.RELEASE/spring-test-4.0.7.RELEASE.jar:/home/breno/.m2/repository/org/neo4j/neo4j-kernel/2.1.5/neo4j-kernel-2.1.5-tests.jar:/home/breno/.m2/repository/junit/junit/4.11/junit-4.11.jar:/home/breno/.m2/repository/org/hamcrest/hamcrest-core/1.3/hamcrest-core-1.3.jar:
    sun.management.compiler = HotSpot 64-Bit Tiered Compilers
    user.home = /home/breno
    user.timezone = America/Sao_Paulo
    file.encoding = UTF-8
    user.name = breno
    sun.java.command = /home/breno/Projetos/Java/BD2/Neo4j/target/surefire/surefirebooter3007528593915700410.jar /home/breno/Projetos/Java/BD2/Neo4j/target/surefire/surefire2113283308915927040tmp /home/breno/Projetos/Java/BD2/Neo4j/target/surefire/surefire3621564156266100024tmp
    sun.arch.data.model = 64
    user.language = pt
    awt.toolkit = sun.awt.X11.XToolkit
    localRepository = /home/breno/.m2/repository
    file.separator = /
    sun.io.unicode.encoding = UnicodeLittle
    sun.cpu.endian = little
    sun.desktop = gnome
    sun.cpu.isalist = 
2015-07-24 20:40:26.935+0000 INFO  [org.neo4j]: Linux scheduler information:
    noop [deadline] cfq 
    noop [deadline] cfq 
    none
    none
    none
    none
    none
    none
    none
    none
    none
    none
    none
    none
    none
    none
    none
    none
    none
    none
    none
    none
    none
    none
    none
    none
2015-07-24 20:40:26.942+0000 INFO  [org.neo4j]: Network information:
    Interface eth1:
        address: fe80:0:0:0:225:11ff:feb9:c19%2
        address: 192.168.1.4
    Interface lo:
        address: 0:0:0:0:0:0:0:1%1
        address: 127.0.0.1
2015-07-24 20:40:26.945+0000 INFO  [org.neo4j]: --- INITIALIZED diagnostics END ---
2015-07-24 20:40:27.821+0000 INFO  [org.neo4j]: Creating new db @ target/neo4j-db-plain/neostore
2015-07-24 20:40:29.011+0000 INFO  [org.neo4j]: [target/neo4j-db-plain/neostore.relationshiptypestore.db.names] brickCount=0 brickSize=0b mappedMem=0b (storeSize=38b)
2015-07-24 20:40:29.014+0000 INFO  [org.neo4j]: [target/neo4j-db-plain/neostore.relationshiptypestore.db] brickCount=0 brickSize=0b mappedMem=0b (storeSize=0b)
2015-07-24 20:40:29.019+0000 INFO  [org.neo4j]: target/neo4j-db-plain/neostore.relationshiptypestore.db.names hit=0 miss=0 switches=0 ooe=0
2015-07-24 20:40:29.091+0000 INFO  [org.neo4j]: target/neo4j-db-plain/neostore.relationshiptypestore.db hit=0 miss=0 switches=0 ooe=0
2015-07-24 20:40:29.363+0000 INFO  [org.neo4j]: [target/neo4j-db-plain/neostore.labeltokenstore.db.names] brickCount=0 brickSize=0b mappedMem=0b (storeSize=38b)
2015-07-24 20:40:29.366+0000 INFO  [org.neo4j]: [target/neo4j-db-plain/neostore.labeltokenstore.db] brickCount=0 brickSize=0b mappedMem=0b (storeSize=0b)
2015-07-24 20:40:29.373+0000 INFO  [org.neo4j]: target/neo4j-db-plain/neostore.labeltokenstore.db.names hit=0 miss=0 switches=0 ooe=0
2015-07-24 20:40:29.460+0000 INFO  [org.neo4j]: target/neo4j-db-plain/neostore.labeltokenstore.db hit=0 miss=0 switches=0 ooe=0
2015-07-24 20:40:29.706+0000 INFO  [org.neo4j]: [target/neo4j-db-plain/neostore.relationshiptypestore.db.names] brickCount=0 brickSize=0b mappedMem=0b (storeSize=38b)
2015-07-24 20:40:29.707+0000 INFO  [org.neo4j]: [target/neo4j-db-plain/neostore.relationshiptypestore.db] brickCount=0 brickSize=0b mappedMem=0b (storeSize=0b)
2015-07-24 20:40:29.708+0000 INFO  [org.neo4j]: [target/neo4j-db-plain/neostore.labeltokenstore.db.names] brickCount=0 brickSize=0b mappedMem=0b (storeSize=38b)
2015-07-24 20:40:29.709+0000 INFO  [org.neo4j]: [target/neo4j-db-plain/neostore.labeltokenstore.db] brickCount=0 brickSize=0b mappedMem=0b (storeSize=0b)
2015-07-24 20:40:29.711+0000 INFO  [org.neo4j]: [target/neo4j-db-plain/neostore.propertystore.db.strings] brickCount=0 brickSize=285184b mappedMem=285212672b (storeSize=128b)
2015-07-24 20:40:29.712+0000 INFO  [org.neo4j]: [target/neo4j-db-plain/neostore.propertystore.db.index.keys] brickCount=0 brickSize=0b mappedMem=0b (storeSize=38b)
2015-07-24 20:40:29.713+0000 INFO  [org.neo4j]: [target/neo4j-db-plain/neostore.propertystore.db.index] brickCount=0 brickSize=0b mappedMem=0b (storeSize=0b)
2015-07-24 20:40:29.715+0000 INFO  [org.neo4j]: [target/neo4j-db-plain/neostore.propertystore.db.arrays] brickCount=0 brickSize=322944b mappedMem=322961408b (storeSize=128b)
2015-07-24 20:40:29.721+0000 INFO  [org.neo4j]: [target/neo4j-db-plain/neostore.propertystore.db] brickCount=0 brickSize=3344944b mappedMem=334495744b (storeSize=0b)
2015-07-24 20:40:29.726+0000 INFO  [org.neo4j]: [target/neo4j-db-plain/neostore.relationshipstore.db] brickCount=0 brickSize=4099924b mappedMem=409993216b (storeSize=0b)
2015-07-24 20:40:29.726+0000 INFO  [org.neo4j]: [target/neo4j-db-plain/neostore.nodestore.db.labels] brickCount=0 brickSize=0b mappedMem=0b (storeSize=68b)
2015-07-24 20:40:29.730+0000 INFO  [org.neo4j]: [target/neo4j-db-plain/neostore.nodestore.db] brickCount=0 brickSize=922740b mappedMem=92274688b (storeSize=0b)
2015-07-24 20:40:29.733+0000 INFO  [org.neo4j]: [target/neo4j-db-plain/neostore.schemastore.db] brickCount=0 brickSize=0b mappedMem=0b (storeSize=64b)
2015-07-24 20:40:29.736+0000 INFO  [org.neo4j]: [target/neo4j-db-plain/neostore.relationshipgroupstore.db] brickCount=0 brickSize=0b mappedMem=0b (storeSize=25b)
2015-07-24 20:40:29.737+0000 INFO  [org.neo4j]: [target/neo4j-db-plain/neostore] brickCount=0 brickSize=0b mappedMem=0b (storeSize=0b)
2015-07-24 20:40:29.758+0000 INFO  [org.neo4j]: target/neo4j-db-plain/neostore.relationshiptypestore.db.names hit=0 miss=0 switches=0 ooe=0
2015-07-24 20:40:29.828+0000 INFO  [org.neo4j]: target/neo4j-db-plain/neostore.relationshiptypestore.db hit=0 miss=0 switches=0 ooe=0
2015-07-24 20:40:29.914+0000 INFO  [org.neo4j]: target/neo4j-db-plain/neostore.labeltokenstore.db.names hit=0 miss=0 switches=0 ooe=0
2015-07-24 20:40:29.957+0000 INFO  [org.neo4j]: target/neo4j-db-plain/neostore.labeltokenstore.db hit=0 miss=0 switches=0 ooe=0
2015-07-24 20:40:30.030+0000 INFO  [org.neo4j]: target/neo4j-db-plain/neostore.propertystore.db.strings hit=0 miss=0 switches=0 ooe=0
2015-07-24 20:40:30.104+0000 INFO  [org.neo4j]: target/neo4j-db-plain/neostore.propertystore.db.index.keys hit=0 miss=0 switches=0 ooe=0
2015-07-24 20:40:30.181+0000 INFO  [org.neo4j]: target/neo4j-db-plain/neostore.propertystore.db.index hit=0 miss=0 switches=0 ooe=0
2015-07-24 20:40:30.253+0000 INFO  [org.neo4j]: target/neo4j-db-plain/neostore.propertystore.db.arrays hit=0 miss=0 switches=0 ooe=0
2015-07-24 20:40:30.294+0000 INFO  [org.neo4j]: target/neo4j-db-plain/neostore.propertystore.db hit=0 miss=0 switches=0 ooe=0
2015-07-24 20:40:30.371+0000 INFO  [org.neo4j]: target/neo4j-db-plain/neostore.relationshipstore.db hit=0 miss=0 switches=0 ooe=0
2015-07-24 20:40:30.456+0000 INFO  [org.neo4j]: target/neo4j-db-plain/neostore.nodestore.db.labels hit=0 miss=0 switches=0 ooe=0
2015-07-24 20:40:30.514+0000 INFO  [org.neo4j]: target/neo4j-db-plain/neostore.nodestore.db hit=0 miss=0 switches=0 ooe=0
2015-07-24 20:40:30.653+0000 INFO  [org.neo4j]: target/neo4j-db-plain/neostore.schemastore.db hit=0 miss=0 switches=0 ooe=0
2015-07-24 20:40:30.698+0000 INFO  [org.neo4j]: target/neo4j-db-plain/neostore.relationshipgroupstore.db hit=0 miss=0 switches=0 ooe=0
2015-07-24 20:40:30.780+0000 INFO  [org.neo4j]: target/neo4j-db-plain/neostore hit=0 miss=10 switches=0 ooe=0
2015-07-24 20:40:30.839+0000 INFO  [org.neo4j]: [target/neo4j-db-plain/neostore.relationshiptypestore.db.names] brickCount=0 brickSize=0b mappedMem=0b (storeSize=38b)
2015-07-24 20:40:30.840+0000 INFO  [org.neo4j]: [target/neo4j-db-plain/neostore.relationshiptypestore.db] brickCount=0 brickSize=0b mappedMem=0b (storeSize=0b)
2015-07-24 20:40:30.841+0000 INFO  [org.neo4j]: [target/neo4j-db-plain/neostore.labeltokenstore.db.names] brickCount=0 brickSize=0b mappedMem=0b (storeSize=38b)
2015-07-24 20:40:30.842+0000 INFO  [org.neo4j]: [target/neo4j-db-plain/neostore.labeltokenstore.db] brickCount=0 brickSize=0b mappedMem=0b (storeSize=0b)
2015-07-24 20:40:30.842+0000 INFO  [org.neo4j]: [target/neo4j-db-plain/neostore.propertystore.db.strings] brickCount=0 brickSize=285184b mappedMem=285212672b (storeSize=128b)
2015-07-24 20:40:30.843+0000 INFO  [org.neo4j]: [target/neo4j-db-plain/neostore.propertystore.db.index.keys] brickCount=0 brickSize=0b mappedMem=0b (storeSize=38b)
2015-07-24 20:40:30.844+0000 INFO  [org.neo4j]: [target/neo4j-db-plain/neostore.propertystore.db.index] brickCount=0 brickSize=0b mappedMem=0b (storeSize=0b)
2015-07-24 20:40:30.844+0000 INFO  [org.neo4j]: [target/neo4j-db-plain/neostore.propertystore.db.arrays] brickCount=0 brickSize=322944b mappedMem=322961408b (storeSize=128b)
2015-07-24 20:40:30.845+0000 INFO  [org.neo4j]: [target/neo4j-db-plain/neostore.propertystore.db] brickCount=0 brickSize=3344944b mappedMem=334495744b (storeSize=0b)
2015-07-24 20:40:30.846+0000 INFO  [org.neo4j]: [target/neo4j-db-plain/neostore.relationshipstore.db] brickCount=0 brickSize=4099924b mappedMem=409993216b (storeSize=0b)
2015-07-24 20:40:30.847+0000 INFO  [org.neo4j]: [target/neo4j-db-plain/neostore.nodestore.db.labels] brickCount=0 brickSize=0b mappedMem=0b (storeSize=68b)
2015-07-24 20:40:30.847+0000 INFO  [org.neo4j]: [target/neo4j-db-plain/neostore.nodestore.db] brickCount=0 brickSize=922740b mappedMem=92274688b (storeSize=0b)
2015-07-24 20:40:30.848+0000 INFO  [org.neo4j]: [target/neo4j-db-plain/neostore.schemastore.db] brickCount=0 brickSize=0b mappedMem=0b (storeSize=64b)
2015-07-24 20:40:30.849+0000 INFO  [org.neo4j]: [target/neo4j-db-plain/neostore.relationshipgroupstore.db] brickCount=0 brickSize=0b mappedMem=0b (storeSize=25b)
2015-07-24 20:40:30.850+0000 INFO  [org.neo4j]: [target/neo4j-db-plain/neostore] brickCount=0 brickSize=0b mappedMem=0b (storeSize=81b)
2015-07-24 20:40:31.110+0000 INFO  [org.neo4j]: No lucene scan store index found, this might just be first use. Preparing to rebuild.
2015-07-24 20:40:31.203+0000 INFO  [org.neo4j]: No lucene scan store index found, this might just be first use. Preparing to rebuild.
2015-07-24 20:40:31.428+0000 INFO  [org.neo4j]: Opened logical log [target/neo4j-db-plain/nioneo_logical.log.1] version=0, lastTxId=1 (clean)
2015-07-24 20:40:31.479+0000 INFO  [org.neo4j]: Rebuilding lucene scan store, this may take a while
2015-07-24 20:40:31.482+0000 INFO  [org.neo4j]: Lucene scan store rebuilt (roughly -1 nodes)
2015-07-24 20:40:31.487+0000 INFO  [org.neo4j]: TM new log: tm_tx_log.1
2015-07-24 20:40:31.542+0000 INFO  [org.neo4j]: Kernel health set to OK
2015-07-24 20:40:31.572+0000 INFO  [org.neo4j]: Opened logical log [target/neo4j-db-plain/index/lucene.log.1] version=0, lastTxId=1 (clean)
2015-07-24 20:40:31.640+0000 INFO  [org.neo4j]: --- STARTED diagnostics for KernelDiagnostics:Versions START ---
2015-07-24 20:40:31.640+0000 INFO  [org.neo4j]: Graph Database: org.neo4j.kernel.EmbeddedGraphDatabase StoreId{creationTime=1437770427838, randomId=-5807060507626779645, storeVersion=14406081294923270, upgradeTime=1437770427838, upgradeId=-5807060507626779645}
2015-07-24 20:40:31.640+0000 INFO  [org.neo4j]: Kernel version: Neo4j - Graph Database Kernel (neo4j-kernel), version: 2.1.5
2015-07-24 20:40:31.640+0000 INFO  [org.neo4j]: Neo4j component versions:
2015-07-24 20:40:31.649+0000 INFO  [org.neo4j]:   Neo4j - JMX support (neo4j-jmx), version: 2.1.5; revision: 2.1.5:2.1-maint:529/45c3cc04946c2b0e243e48c8252e40cb85931744
2015-07-24 20:40:31.649+0000 INFO  [org.neo4j]:   Neo4j - Lucene Index (neo4j-lucene-index), version: 2.1.5; revision: 2.1.5:2.1-maint:529/45c3cc04946c2b0e243e48c8252e40cb85931744
2015-07-24 20:40:31.649+0000 INFO  [org.neo4j]:   Neo4j - Graph Matching (neo4j-graph-matching), version: 2.1.5; revision: 2.1.5:2.1-maint:529/45c3cc04946c2b0e243e48c8252e40cb85931744
2015-07-24 20:40:31.649+0000 INFO  [org.neo4j]:   Neo4j - Cypher (neo4j-cypher), version: 2.1.5; revision: 2.1.5:2.1-maint:529/45c3cc04946c2b0e243e48c8252e40cb85931744
2015-07-24 20:40:31.649+0000 INFO  [org.neo4j]:   Neo4j - Graph Database Kernel (neo4j-kernel), version: 2.1.5; revision: 2.1.5:2.1-maint:529/45c3cc04946c2b0e243e48c8252e40cb85931744
2015-07-24 20:40:31.649+0000 INFO  [org.neo4j]:   Neo4j - Cypher Compiler 2.0 (neo4j-cypher-compiler-2.0), version: 2.0.3; revision: 2.0.3:2.0-maint:72/307c563c11b75fdc71cfa6df05daf9b08d6c37dc
2015-07-24 20:40:31.650+0000 INFO  [org.neo4j]:   Neo4j - Graph Algorithms (neo4j-graph-algo), version: 2.1.5; revision: 2.1.5:2.1-maint:529/45c3cc04946c2b0e243e48c8252e40cb85931744
2015-07-24 20:40:31.650+0000 INFO  [org.neo4j]:   Neo4j Community (neo4j), version: 2.1.5; revision: 2.1.5:2.1-maint:529/45c3cc04946c2b0e243e48c8252e40cb85931744
2015-07-24 20:40:31.650+0000 INFO  [org.neo4j]:   Neo4j - Cypher Compiler 1.9 (neo4j-cypher-compiler-1.9), version: 2.0.3; revision: 2.0.3:2.0-maint:72/307c563c11b75fdc71cfa6df05daf9b08d6c37dc
2015-07-24 20:40:31.650+0000 INFO  [org.neo4j]:   neo4j-udc, version: 2.1.5; revision: 2.1.5:2.1-maint:529/45c3cc04946c2b0e243e48c8252e40cb85931744
2015-07-24 20:40:31.650+0000 INFO  [org.neo4j]:   Neo4j - Cypher Commons (neo4j-cypher-commons), version: 2.1.5; revision: 2.1.5:2.1-maint:529/45c3cc04946c2b0e243e48c8252e40cb85931744
2015-07-24 20:40:31.650+0000 INFO  [org.neo4j]: --- STARTED diagnostics for KernelDiagnostics:Versions END ---
2015-07-24 20:40:31.656+0000 INFO  [org.neo4j]: --- STARTED diagnostics for NEO_STORE_VERSIONS START ---
2015-07-24 20:40:31.658+0000 INFO  [org.neo4j]: Store versions:
    Store versions:
      NeoStore v0.A.3
      SchemaStore v0.A.3
      NodeStore v0.A.3
      RelationshipStore v0.A.3
      RelationshipTypeStore v0.A.3
      LabelTokenStore v0.A.3
      PropertyStore v0.A.3
      PropertyIndexStore v0.A.3
      StringPropertyStore v0.A.3
      ArrayPropertyStore v0.A.3
      RelationshipGroupStore v0.A.3
2015-07-24 20:40:31.658+0000 INFO  [org.neo4j]: --- STARTED diagnostics for NEO_STORE_VERSIONS END ---
2015-07-24 20:40:31.659+0000 INFO  [org.neo4j]: --- STARTED diagnostics for NEO_STORE_ID_USAGE START ---
2015-07-24 20:40:31.659+0000 INFO  [org.neo4j]: Id usage:
    Id usage:
      SchemaStore: used=1 high=0
      NodeStore: used=0 high=-1
      RelationshipStore: used=0 high=-1
      RelationshipTypeStore: used=0 high=-1
      LabelTokenStore: used=0 high=-1
      PropertyStore: used=0 high=-1
      PropertyIndexStore: used=0 high=-1
      StringPropertyStore: used=1 high=0
      ArrayPropertyStore: used=1 high=0
      RelationshipGroupStore: used=1 high=0
2015-07-24 20:40:31.661+0000 INFO  [org.neo4j]: --- STARTED diagnostics for NEO_STORE_ID_USAGE END ---
2015-07-24 20:40:31.661+0000 INFO  [org.neo4j]: --- STARTED diagnostics for PERSISTENCE_WINDOW_POOL_STATS START ---
2015-07-24 20:40:31.661+0000 INFO  [org.neo4j]: --- STARTED diagnostics for PERSISTENCE_WINDOW_POOL_STATS END ---
2015-07-24 20:40:31.662+0000 INFO  [org.neo4j]: --- STARTED diagnostics for KernelDiagnostics:StoreFiles START ---
2015-07-24 20:40:31.662+0000 INFO  [org.neo4j]: Disk space on partition (Total / Free / Free %): 18729406464 / 6854324224 / 36
Storage files: (filename : modification date - size)
      active_tx_log: 2015-07-24T17:40:31-0300 - 11,00 B
      index:
        lucene-store.db: 2015-07-24T17:40:31-0300 - 40,00 B
        lucene.log.1: 2015-07-24T17:40:31-0300 - 16,00 B
        lucene.log.active: 2015-07-24T17:40:31-0300 - 4,00 B
      - Total: 2015-07-24T17:40:31-0300 - 60,00 B
      lock: 2015-07-24T17:40:30-0300 - 0,00 B
      messages.log: 2015-07-24T17:40:31-0300 - 27,42 kB
      neostore: 2015-07-24T17:40:30-0300 - 81,00 B
      neostore.id: 2015-07-24T17:40:30-0300 - 9,00 B
      neostore.labeltokenstore.db: 2015-07-24T17:40:30-0300 - 0,00 B
      neostore.labeltokenstore.db.id: 2015-07-24T17:40:30-0300 - 9,00 B
      neostore.labeltokenstore.db.names: 2015-07-24T17:40:30-0300 - 38,00 B
      neostore.labeltokenstore.db.names.id: 2015-07-24T17:40:30-0300 - 9,00 B
      neostore.nodestore.db: 2015-07-24T17:40:30-0300 - 0,00 B
      neostore.nodestore.db.id: 2015-07-24T17:40:30-0300 - 9,00 B
      neostore.nodestore.db.labels: 2015-07-24T17:40:30-0300 - 68,00 B
      neostore.nodestore.db.labels.id: 2015-07-24T17:40:30-0300 - 9,00 B
      neostore.propertystore.db: 2015-07-24T17:40:30-0300 - 0,00 B
      neostore.propertystore.db.arrays: 2015-07-24T17:40:30-0300 - 128,00 B
      neostore.propertystore.db.arrays.id: 2015-07-24T17:40:30-0300 - 9,00 B
      neostore.propertystore.db.id: 2015-07-24T17:40:30-0300 - 9,00 B
      neostore.propertystore.db.index: 2015-07-24T17:40:30-0300 - 0,00 B
      neostore.propertystore.db.index.id: 2015-07-24T17:40:30-0300 - 9,00 B
      neostore.propertystore.db.index.keys: 2015-07-24T17:40:30-0300 - 38,00 B
      neostore.propertystore.db.index.keys.id: 2015-07-24T17:40:30-0300 - 9,00 B
      neostore.propertystore.db.strings: 2015-07-24T17:40:30-0300 - 128,00 B
      neostore.propertystore.db.strings.id: 2015-07-24T17:40:30-0300 - 9,00 B
      neostore.relationshipgroupstore.db: 2015-07-24T17:40:30-0300 - 25,00 B
      neostore.relationshipgroupstore.db.id: 2015-07-24T17:40:30-0300 - 9,00 B
      neostore.relationshipstore.db: 2015-07-24T17:40:30-0300 - 0,00 B
      neostore.relationshipstore.db.id: 2015-07-24T17:40:30-0300 - 9,00 B
      neostore.relationshiptypestore.db: 2015-07-24T17:40:30-0300 - 0,00 B
      neostore.relationshiptypestore.db.id: 2015-07-24T17:40:30-0300 - 9,00 B
      neostore.relationshiptypestore.db.names: 2015-07-24T17:40:30-0300 - 38,00 B
      neostore.relationshiptypestore.db.names.id: 2015-07-24T17:40:30-0300 - 9,00 B
      neostore.schemastore.db: 2015-07-24T17:40:30-0300 - 64,00 B
      neostore.schemastore.db.id: 2015-07-24T17:40:30-0300 - 9,00 B
      nioneo_logical.log.1: 2015-07-24T17:40:31-0300 - 16,00 B
      nioneo_logical.log.active: 2015-07-24T17:40:31-0300 - 4,00 B
      schema:
        label:
          lucene:
            write.lock: 2015-07-24T17:40:31-0300 - 0,00 B
          - Total: 2015-07-24T17:40:31-0300 - 0,00 B
        - Total: 2015-07-24T17:40:31-0300 - 0,00 B
      - Total: 2015-07-24T17:40:31-0300 - 0,00 B
      store_lock: 2015-07-24T17:40:27-0300 - 0,00 B
      tm_tx_log.1: 2015-07-24T17:40:31-0300 - 0,00 B
2015-07-24 20:40:31.683+0000 INFO  [org.neo4j]: --- STARTED diagnostics for KernelDiagnostics:StoreFiles END ---
2015-07-24 20:40:31.787+0000 INFO  [org.neo4j]: Database is now ready
2015-07-24 20:40:42.327+0000 INFO  [org.neo4j]: Shutdown started
2015-07-24 20:40:42.329+0000 INFO  [org.neo4j]: Database is now unavailable
2015-07-24 20:40:42.391+0000 INFO  [org.neo4j]: Closed log target/neo4j-db-plain/index/lucene.log
2015-07-24 20:40:42.427+0000 INFO  [org.neo4j]: TM shutting down
2015-07-24 20:40:43.042+0000 INFO  [org.neo4j]: Closed log target/neo4j-db-plain/nioneo_logical.log
2015-07-24 20:40:43.055+0000 INFO  [org.neo4j]: target/neo4j-db-plain/neostore.relationshiptypestore.db.names hit=0 miss=3 switches=0 ooe=0
2015-07-24 20:40:43.091+0000 INFO  [org.neo4j]: target/neo4j-db-plain/neostore.relationshiptypestore.db hit=0 miss=3 switches=0 ooe=0
2015-07-24 20:40:43.128+0000 INFO  [org.neo4j]: target/neo4j-db-plain/neostore.labeltokenstore.db.names hit=0 miss=8 switches=0 ooe=0
2015-07-24 20:40:43.158+0000 INFO  [org.neo4j]: target/neo4j-db-plain/neostore.labeltokenstore.db hit=0 miss=8 switches=0 ooe=0
2015-07-24 20:40:43.195+0000 INFO  [org.neo4j]: target/neo4j-db-plain/neostore.propertystore.db.strings hit=0 miss=0 switches=0 ooe=0
2015-07-24 20:40:43.231+0000 INFO  [org.neo4j]: target/neo4j-db-plain/neostore.propertystore.db.index.keys hit=0 miss=9 switches=0 ooe=0
2015-07-24 20:40:43.283+0000 INFO  [org.neo4j]: target/neo4j-db-plain/neostore.propertystore.db.index hit=0 miss=9 switches=0 ooe=0
2015-07-24 20:40:43.317+0000 INFO  [org.neo4j]: target/neo4j-db-plain/neostore.propertystore.db.arrays hit=0 miss=0 switches=0 ooe=0
2015-07-24 20:40:43.354+0000 INFO  [org.neo4j]: target/neo4j-db-plain/neostore.propertystore.db hit=0 miss=0 switches=0 ooe=0
2015-07-24 20:40:43.426+0000 INFO  [org.neo4j]: target/neo4j-db-plain/neostore.relationshipstore.db hit=0 miss=0 switches=0 ooe=0
2015-07-24 20:40:43.493+0000 INFO  [org.neo4j]: target/neo4j-db-plain/neostore.nodestore.db.labels hit=0 miss=0 switches=0 ooe=0
2015-07-24 20:40:43.536+0000 INFO  [org.neo4j]: target/neo4j-db-plain/neostore.nodestore.db hit=258 miss=0 switches=0 ooe=0
2015-07-24 20:40:43.615+0000 INFO  [org.neo4j]: target/neo4j-db-plain/neostore.schemastore.db hit=0 miss=0 switches=0 ooe=0
2015-07-24 20:40:43.655+0000 INFO  [org.neo4j]: target/neo4j-db-plain/neostore.relationshipgroupstore.db hit=0 miss=0 switches=0 ooe=0
2015-07-24 20:40:43.689+0000 INFO  [org.neo4j]: target/neo4j-db-plain/neostore hit=0 miss=41 switches=0 ooe=0
2015-07-24 20:40:43.735+0000 INFO  [org.neo4j]: NeoStore closed
2015-07-24 20:40:43.736+0000 INFO  [org.neo4j]: --- STOPPING diagnostics START ---
2015-07-24 20:40:43.736+0000 INFO  [org.neo4j]: --- STOPPING diagnostics END ---
